<?xml version="1.0" encoding="UTF-8"?>
<!-- Generated by org.testng.reporters.JUnitXMLReporter -->
<testsuite ignored="0" hostname="DESKTOP-LVNNG7C" failures="0" tests="9" name="Default test" time="55.159" errors="0" timestamp="2023-12-14T23:45:58 EST">
  <testcase classname="com.qa.testCasesTn.LoginTest" name="verifyLoginWithValidCredentials" time="1.141"/>
  <testcase classname="com.qa.testCasesTn.LoginTest" name="verifyLoginWithValidCredentials" time="1.144"/>
  <testcase classname="com.qa.testCasesTn.LoginTest" name="verifyLoginWithValidCredentials" time="0.919"/>
  <testcase classname="com.qa.testCasesTn.LoginTest" name="verifyLoginWithValidCredentials" time="0.907"/>
  <testcase classname="com.qa.testCasesTn.LoginTest" name="verifyLoginWithValidCredentials" time="1.002"/>
  <testcase classname="com.qa.testCasesTn.LoginTest" name="verifyLoginWithInvalidCredentials" time="0.614"/>
  <testcase classname="com.qa.testCasesTn.LoginTest" name="verifyLoginWithValidEmailInvalidPassword" time="0.614"/>
  <testcase classname="com.qa.testCasesTn.LoginTest" name="verifyLoginWithInvalidEmailValidPassword" time="0.61"/>
  <testcase classname="com.qa.testCasesTn.LoginTest" name="verifyLoginWithNoCredentials" time="0.509"/>
</testsuite> <!-- Default test -->
