<?xml version="1.0" encoding="UTF-8"?>
<!-- Generated by org.testng.reporters.JUnitXMLReporter -->
<testsuite ignored="0" hostname="DESKTOP-LVNNG7C" failures="13" tests="21" name="Test" time="304.309" errors="0" timestamp="2023-12-10T22:01:12 EST">
  <testcase classname="com.qa.testCasesTn.AddtoCartTest" name="checkingOutValidProduct" time="8.219">
    <failure type="java.lang.AssertionError" message="expected [true] but found [false]">
      <![CDATA[java.lang.AssertionError: expected [true] but found [false]
at com.qa.testCasesTn.AddtoCartTest.checkingOutValidProduct(AddtoCartTest.java:52)
at java.base/java.util.ArrayList.forEach(ArrayList.java:1511)
... Removed 31 stack frames]]>
    </failure>
  </testcase> <!-- checkingOutValidProduct -->
  <testcase classname="com.qa.testCasesTn.SearchProductTest" name="verifySearchWithValidProduct" time="1.44"/>
  <testcase classname="com.qa.testCasesTn.SearchProductTest" name="verifySearchWithInvalidProduct" time="0.647"/>
  <testcase classname="com.qa.testCasesTn.SearchProductTest" name="verifySearchWithNoProduct" time="0.52"/>
  <testcase classname="com.qa.testCasesTn.RegisterTest" name="verifyingRegisterWithMandatoryFields" time="1.21"/>
  <testcase classname="com.qa.testCasesTn.RegisterTest" name="verifyingRegisterWithAllFields" time="1.177"/>
  <testcase classname="com.qa.testCasesTn.RegisterTest" name="verifyingRegisterWithExistingEmail" time="0.812"/>
  <testcase classname="com.qa.testCasesTn.RegisterTest" name="verifyingRegisterWithMismatchPassword" time="0.865"/>
  <testcase classname="com.qa.testCasesTn.RegisterTest" name="verifyingRegisterWithNoFields" time="0.546"/>
  <testcase classname="com.qa.testCasesTn.LoginTest" name="verifyLoginWithValidCredentials" time="0.002">
    <failure type="java.lang.NullPointerException" message="Cannot invoke &amp;quot;com.tn.qa.pages.LoginPage.navigateToLoginPage(String, String)&amp;quot; because &amp;quot;this.loginpage&amp;quot; is null">
      <![CDATA[java.lang.NullPointerException: Cannot invoke "com.tn.qa.pages.LoginPage.navigateToLoginPage(String, String)" because "this.loginpage" is null
at com.qa.testCasesTn.LoginTest.verifyLoginWithValidCredentials(LoginTest.java:41)
at java.base/java.util.ArrayList.forEach(ArrayList.java:1511)
... Removed 27 stack frames]]>
    </failure>
  </testcase> <!-- verifyLoginWithValidCredentials -->
  <testcase classname="com.qa.testCasesTn.LoginTest" name="verifyLoginWithValidCredentials" time="0.001">
    <failure type="java.lang.NullPointerException" message="Cannot invoke &amp;quot;com.tn.qa.pages.LoginPage.navigateToLoginPage(String, String)&amp;quot; because &amp;quot;this.loginpage&amp;quot; is null">
      <![CDATA[java.lang.NullPointerException: Cannot invoke "com.tn.qa.pages.LoginPage.navigateToLoginPage(String, String)" because "this.loginpage" is null
at com.qa.testCasesTn.LoginTest.verifyLoginWithValidCredentials(LoginTest.java:41)
at java.base/java.util.ArrayList.forEach(ArrayList.java:1511)
... Removed 27 stack frames]]>
    </failure>
  </testcase> <!-- verifyLoginWithValidCredentials -->
  <testcase classname="com.qa.testCasesTn.LoginTest" name="verifyLoginWithValidCredentials" time="0.001">
    <failure type="java.lang.NullPointerException" message="Cannot invoke &amp;quot;com.tn.qa.pages.LoginPage.navigateToLoginPage(String, String)&amp;quot; because &amp;quot;this.loginpage&amp;quot; is null">
      <![CDATA[java.lang.NullPointerException: Cannot invoke "com.tn.qa.pages.LoginPage.navigateToLoginPage(String, String)" because "this.loginpage" is null
at com.qa.testCasesTn.LoginTest.verifyLoginWithValidCredentials(LoginTest.java:41)
at java.base/java.util.ArrayList.forEach(ArrayList.java:1511)
... Removed 27 stack frames]]>
    </failure>
  </testcase> <!-- verifyLoginWithValidCredentials -->
  <testcase classname="com.qa.testCasesTn.LoginTest" name="verifyLoginWithValidCredentials" time="0.001">
    <failure type="java.lang.NullPointerException" message="Cannot invoke &amp;quot;com.tn.qa.pages.LoginPage.navigateToLoginPage(String, String)&amp;quot; because &amp;quot;this.loginpage&amp;quot; is null">
      <![CDATA[java.lang.NullPointerException: Cannot invoke "com.tn.qa.pages.LoginPage.navigateToLoginPage(String, String)" because "this.loginpage" is null
at com.qa.testCasesTn.LoginTest.verifyLoginWithValidCredentials(LoginTest.java:41)
at java.base/java.util.ArrayList.forEach(ArrayList.java:1511)
... Removed 27 stack frames]]>
    </failure>
  </testcase> <!-- verifyLoginWithValidCredentials -->
  <testcase classname="com.qa.testCasesTn.LoginTest" name="verifyLoginWithValidCredentials" time="0.002">
    <failure type="java.lang.NullPointerException" message="Cannot invoke &amp;quot;com.tn.qa.pages.LoginPage.navigateToLoginPage(String, String)&amp;quot; because &amp;quot;this.loginpage&amp;quot; is null">
      <![CDATA[java.lang.NullPointerException: Cannot invoke "com.tn.qa.pages.LoginPage.navigateToLoginPage(String, String)" because "this.loginpage" is null
at com.qa.testCasesTn.LoginTest.verifyLoginWithValidCredentials(LoginTest.java:41)
at java.base/java.util.ArrayList.forEach(ArrayList.java:1511)
... Removed 27 stack frames]]>
    </failure>
  </testcase> <!-- verifyLoginWithValidCredentials -->
  <testcase classname="com.qa.testCasesTn.LoginTest" name="verifyLoginWithInvalidCredentials" time="0.001">
    <failure type="java.lang.NullPointerException" message="Cannot invoke &amp;quot;com.tn.qa.pages.LoginPage.navigateToLoginPage(String, String)&amp;quot; because &amp;quot;this.loginpage&amp;quot; is null">
      <![CDATA[java.lang.NullPointerException: Cannot invoke "com.tn.qa.pages.LoginPage.navigateToLoginPage(String, String)" because "this.loginpage" is null
at com.qa.testCasesTn.LoginTest.verifyLoginWithInvalidCredentials(LoginTest.java:48)
at java.base/java.util.ArrayList.forEach(ArrayList.java:1511)
... Removed 27 stack frames]]>
    </failure>
  </testcase> <!-- verifyLoginWithInvalidCredentials -->
  <testcase classname="com.qa.testCasesTn.LoginTest" name="verifyLoginWithValidEmailInvalidPassword" time="0.001">
    <failure type="java.lang.NullPointerException" message="Cannot invoke &amp;quot;com.tn.qa.pages.LoginPage.navigateToLoginPage(String, String)&amp;quot; because &amp;quot;this.loginpage&amp;quot; is null">
      <![CDATA[java.lang.NullPointerException: Cannot invoke "com.tn.qa.pages.LoginPage.navigateToLoginPage(String, String)" because "this.loginpage" is null
at com.qa.testCasesTn.LoginTest.verifyLoginWithValidEmailInvalidPassword(LoginTest.java:54)
at java.base/java.util.ArrayList.forEach(ArrayList.java:1511)
... Removed 27 stack frames]]>
    </failure>
  </testcase> <!-- verifyLoginWithValidEmailInvalidPassword -->
  <testcase classname="com.qa.testCasesTn.LoginTest" name="verifyLoginWithInvalidEmailValidPassword" time="0.0">
    <failure type="java.lang.NullPointerException" message="Cannot invoke &amp;quot;com.tn.qa.pages.LoginPage.navigateToLoginPage(String, String)&amp;quot; because &amp;quot;this.loginpage&amp;quot; is null">
      <![CDATA[java.lang.NullPointerException: Cannot invoke "com.tn.qa.pages.LoginPage.navigateToLoginPage(String, String)" because "this.loginpage" is null
at com.qa.testCasesTn.LoginTest.verifyLoginWithInvalidEmailValidPassword(LoginTest.java:61)
at java.base/java.util.ArrayList.forEach(ArrayList.java:1511)
... Removed 27 stack frames]]>
    </failure>
  </testcase> <!-- verifyLoginWithInvalidEmailValidPassword -->
  <testcase classname="com.qa.testCasesTn.LoginTest" name="verifyLoginWithNoCredentials" time="0.001">
    <failure type="java.lang.NullPointerException" message="Cannot invoke &amp;quot;com.tn.qa.pages.LoginPage.clickOnLoginButton()&amp;quot; because &amp;quot;this.loginpage&amp;quot; is null">
      <![CDATA[java.lang.NullPointerException: Cannot invoke "com.tn.qa.pages.LoginPage.clickOnLoginButton()" because "this.loginpage" is null
at com.qa.testCasesTn.LoginTest.verifyLoginWithNoCredentials(LoginTest.java:68)
at java.base/java.util.ArrayList.forEach(ArrayList.java:1511)
... Removed 27 stack frames]]>
    </failure>
  </testcase> <!-- verifyLoginWithNoCredentials -->
  <testcase classname="com.qa.testCasesTn.CheckOutTest" name="checkoutAsNewUser" time="0.734">
    <failure type="java.lang.AssertionError" message="expected [true] but found [false]">
      <![CDATA[java.lang.AssertionError: expected [true] but found [false]
at com.qa.testCasesTn.CheckOutTest.checkoutAsNewUser(CheckOutTest.java:56)
at java.base/java.util.ArrayList.forEach(ArrayList.java:1511)
... Removed 31 stack frames]]>
    </failure>
  </testcase> <!-- checkoutAsNewUser -->
  <testcase classname="com.qa.testCasesTn.CheckOutTest" name="checkOutAsGuestUser" time="1.798">
    <failure type="java.lang.UnsupportedOperationException" message="You may not select an option in disabled select">
      <![CDATA[java.lang.UnsupportedOperationException: You may not select an option in disabled select
at org.openqa.selenium.support.ui.Select.assertSelectIsEnabled(Select.java:327)
at org.openqa.selenium.support.ui.Select.selectByVisibleText(Select.java:111)
at com.qa.testCasesTn.CheckOutTest.checkOutAsGuestUser(CheckOutTest.java:88)
at java.base/java.util.ArrayList.forEach(ArrayList.java:1511)
... Removed 27 stack frames]]>
    </failure>
  </testcase> <!-- checkOutAsGuestUser -->
  <testcase classname="com.qa.testCasesTn.CheckOutTest" name="checkOutAsExistingUser" time="0.349">
    <failure type="java.lang.AssertionError" message="expected [true] but found [false]">
      <![CDATA[java.lang.AssertionError: expected [true] but found [false]
at com.qa.testCasesTn.CheckOutTest.checkOutAsExistingUser(CheckOutTest.java:104)
at java.base/java.util.ArrayList.forEach(ArrayList.java:1511)
... Removed 31 stack frames]]>
    </failure>
  </testcase> <!-- checkOutAsExistingUser -->
</testsuite> <!-- Test -->
